Unity Editor version:    6000.2.6f2 (4a4dcaec6541)
Branch:                  6000.2/respin/6000.2.6f2-cc51a95c03
Build type:              Release
Batch mode:              YES
macOS version:           Version 15.6.1 (Build 24G90)
Darwin version:          24.6.0
Architecture:            arm64
Running under Rosetta:   NO
Available memory:        16384 MB
Date:                    2025-10-29T21:00:50Z
[Licensing::Module] Trying to connect to existing licensing client channel...
[Licensing::IpcConnector] Successfully connected to: "LicenseClient-Miyah_Queen645" at "2025-10-29T21:00:50.898996Z"

COMMAND LINE ARGUMENTS:
/Applications/Unity/Hub/Editor/6000.2.6f2/Unity.app/Contents/MacOS/Unity
-adb2
-batchMode
-noUpm
-name
AssetImportWorker0
-projectPath
/Users/Miyah_Queen645/Documents/GitHub/TwistedWitches3D/Twisted Witches 3D
-logFile
Logs/AssetImportWorker0.log
-srvPort
65046
-job-worker-count
4
-background-job-worker-count
8
-gc-helper-count
1
-name AssetImport
Successfully changed project path to: /Users/Miyah_Queen645/Documents/GitHub/TwistedWitches3D/Twisted Witches 3D
/Users/Miyah_Queen645/Documents/GitHub/TwistedWitches3D/Twisted Witches 3D
[UnityMemory] Configuration Parameters - Can be set up in boot.config
    "memorysetup-allocator-temp-initial-block-size-main=262144"
    "memorysetup-allocator-temp-initial-block-size-worker=262144"
    "memorysetup-bucket-allocator-granularity=16"
    "memorysetup-bucket-allocator-bucket-count=8"
    "memorysetup-bucket-allocator-block-size=33554432"
    "memorysetup-bucket-allocator-block-count=8"
    "memorysetup-main-allocator-block-size=16777216"
    "memorysetup-thread-allocator-block-size=16777216"
    "memorysetup-gfx-main-allocator-block-size=16777216"
    "memorysetup-gfx-thread-allocator-block-size=16777216"
    "memorysetup-cache-allocator-block-size=4194304"
    "memorysetup-typetree-allocator-block-size=2097152"
    "memorysetup-profiler-bucket-allocator-granularity=16"
    "memorysetup-profiler-bucket-allocator-bucket-count=8"
    "memorysetup-profiler-bucket-allocator-block-size=33554432"
    "memorysetup-profiler-bucket-allocator-block-count=8"
    "memorysetup-profiler-allocator-block-size=16777216"
    "memorysetup-profiler-editor-allocator-block-size=1048576"
    "memorysetup-temp-allocator-size-main=16777216"
    "memorysetup-job-temp-allocator-block-size=2097152"
    "memorysetup-job-temp-allocator-block-size-background=1048576"
    "memorysetup-job-temp-allocator-reduction-small-platforms=262144"
    "memorysetup-temp-allocator-size-background-worker=32768"
    "memorysetup-temp-allocator-size-job-worker=262144"
    "memorysetup-temp-allocator-size-preload-manager=33554432"
    "memorysetup-temp-allocator-size-nav-mesh-worker=65536"
    "memorysetup-temp-allocator-size-audio-worker=65536"
    "memorysetup-temp-allocator-size-cloud-worker=32768"
    "memorysetup-temp-allocator-size-gi-baking-worker=262144"
    "memorysetup-temp-allocator-size-gi-baking-worker=262144"
    "memorysetup-temp-allocator-size-gi-baking-worker=262144"
    "memorysetup-temp-allocator-size-gi-baking-worker=262144"
    "memorysetup-temp-allocator-size-gi-baking-worker=262144"
    "memorysetup-temp-allocator-size-gfx=262144"
Player connection [8635392192]  Target information:

Player connection [8635392192]  * "[IP] 10.35.244.154 [Port] 0 [Flags] 2 [Guid] 1899234835 [EditorId] 1899234835 [Version] 1048832 [Id] OSXEditor(0,Amayas-MacBook-Air.local) [Debug] 1 [PackageName] OSXEditor [ProjectName] Editor" 

Player connection [8635392192] Host joined multi-casting on [225.0.0.222:54997]...
Player connection [8635392192] Host joined alternative multi-casting on [225.0.0.222:34997]...
JobSystem: Creating JobQueue using job-worker-count value 4
Input System module state changed to: Initialized.
[Physics::Module] Initialized fallback backend.
[Physics::Module] Id: 0xdecafbad
Library Redirect Path: Library/
[Physics::Module] Selected backend.
[Physics::Module] Name: PhysX
[Physics::Module] Id: 0xf2b8ea05
[Physics::Module] SDK Version: 4.1.2
[Physics::Module] Integration Version: 1.0.0
[Physics::Module] Threading Mode: Multi-Threaded
Refreshing native plugins compatible for Editor in 3.12 ms, found 2 plugins.
Preloading 0 native plugins for Editor in 0.00 ms.
Initialize engine version: 6000.2.6f2 (4a4dcaec6541)
[Subsystems] Discovering subsystems at path /Applications/Unity/Hub/Editor/6000.2.6f2/Unity.app/Contents/Resources/UnitySubsystems
[Subsystems] Discovering subsystems at path /Users/Miyah_Queen645/Documents/GitHub/TwistedWitches3D/Twisted Witches 3D/Assets
GfxDevice: creating device client; kGfxThreadingModeNonThreaded
 preferred device: Apple M4 (high power)
Metal devices available: 1
0: Apple M4 (high power)
Using device Apple M4 (high power)
Initializing Metal device caps: Apple M4
Mac GPU Family: 2
Apple GPU Family: 9
MSL Version: 3.0
Has Float MSAA: 1
Has Float Filtering: 1
ReadWrite Texture Tier: 2
Initialize mono
Mono path[0] = '/Applications/Unity/Hub/Editor/6000.2.6f2/Unity.app/Contents/Managed'
Mono path[1] = '/Applications/Unity/Hub/Editor/6000.2.6f2/Unity.app/Contents/MonoBleedingEdge/lib/mono/unityjit-macos'
Mono config path = '/Applications/Unity/Hub/Editor/6000.2.6f2/Unity.app/Contents/MonoBleedingEdge/etc'
Using monoOptions --debugger-agent=transport=dt_socket,embedding=1,server=y,suspend=n,address=127.0.0.1:56313
Begin MonoManager ReloadAssembly
[Licensing::Client] Code 10 while verifying Licensing Client signature (process Id: 35958, path: "/Applications/Unity Hub.app/Contents/Frameworks/UnityLicensingClient_V1.app/Contents/MacOS/Unity.Licensing.Client")
[Licensing::Module] LicensingClient has failed validation; ignoring
[Licensing::Client] Handshaking with LicensingClient:
  Version:                 1.17.3+a4e98f1
  Session Id:              7949b86a70e040a68d7200dad29983d8
  Correlation Id:          e467f1f0139b849c6c523215321739ae
  External correlation Id: 2914730325292734197
  Machine Id:              bJnma2LguNLq8m9L9DyMEscLaZQ=
[Licensing::Module] Successfully connected to LicensingClient on channel: "LicenseClient-Miyah_Queen645" (connect: 0.00s, validation: 0.00s, handshake: 0.26s)
[Licensing::IpcConnector] Successfully connected to: "LicenseClient-Miyah_Queen645-notifications" at "2025-10-29T21:00:51.163401Z"
[Licensing::Module] Licensing Background thread has ended after 0.26s
Registering precompiled unity dll's ...
Register platform support module: /Applications/Unity/Hub/Editor/6000.2.6f2/Unity.app/Contents/PlaybackEngines/MacStandaloneSupport/UnityEditor.OSXStandalone.Extensions.dll
Register platform support module: /Applications/Unity/Hub/Editor/6000.2.6f2/PlaybackEngines/WindowsStandaloneSupport/UnityEditor.WindowsStandalone.Extensions.dll
Registered in 0.001493 seconds.
- Loaded All Assemblies, in  0.208 seconds
Native extension for WindowsStandalone target not found
Native extension for OSXStandalone target not found
Mono: successfully reloaded assembly
- Finished resetting the current domain, in  0.172 seconds
Domain Reload Profiling: 381ms
	BeginReloadAssembly (71ms)
		ExecutionOrderSort (0ms)
		DisableScriptedObjects (0ms)
		BackupInstance (0ms)
		ReleaseScriptingObjects (0ms)
		CreateAndSetChildDomain (0ms)
	RebuildCommonClasses (20ms)
	RebuildNativeTypeToScriptingClass (7ms)
	initialDomainReloadingComplete (24ms)
	LoadAllAssembliesAndSetupDomain (87ms)
		LoadAssemblies (71ms)
		RebuildTransferFunctionScriptingTraits (0ms)
		AnalyzeDomain (85ms)
			TypeCache.Refresh (84ms)
				TypeCache.ScanAssembly (76ms)
			BuildScriptInfoCaches (0ms)
			ResolveRequiredComponents (0ms)
	FinalizeReload (173ms)
		ReleaseScriptCaches (0ms)
		RebuildScriptCaches (0ms)
		SetupLoadedEditorAssemblies (150ms)
			LogAssemblyErrors (0ms)
			InitializePlatformSupportModulesInManaged (23ms)
			SetLoadedEditorAssemblies (2ms)
			BeforeProcessingInitializeOnLoad (36ms)
			ProcessInitializeOnLoadAttributes (61ms)
			ProcessInitializeOnLoadMethodAttributes (28ms)
			AfterProcessingInitializeOnLoad (0ms)
			EditorAssembliesLoaded (0ms)
		ExecutionOrderSort2 (0ms)
		AwakeInstancesAfterBackupRestoration (0ms)
========================================================================
Worker process is ready to serve import requests
Import Worker Mode flag is 0x00
Begin MonoManager ReloadAssembly
[Licensing::Client] Successfully resolved entitlement details
[Licensing::Module] License group:
  Id: 2475875844222-amaya_samirah-UnityProStuXXXX
  Product: Unity Student
  Type: Assigned
  Expiration: 2026-08-24T02:15:01Z
Symbol file LoadedFromMemory is not a mono symbol file
- Loaded All Assemblies, in  0.412 seconds
Refreshing native plugins compatible for Editor in 0.93 ms, found 2 plugins.
Native extension for WindowsStandalone target not found
Native extension for OSXStandalone target not found
Refreshing native plugins compatible for Editor in 0.97 ms, found 2 plugins.
Package Manager log level set to [2]
[Package Manager] Failed to launch server process. Reason: Unity was launched with the -noUpm command-line argument
[Package Manager] Unable to send message (not connected to server process).
[Package Manager] Cannot connect to Unity Package Manager local server
Mono: successfully reloaded assembly
- Finished resetting the current domain, in  0.349 seconds
Domain Reload Profiling: 762ms
	BeginReloadAssembly (71ms)
		ExecutionOrderSort (0ms)
		DisableScriptedObjects (3ms)
		BackupInstance (0ms)
		ReleaseScriptingObjects (0ms)
		CreateAndSetChildDomain (20ms)
	RebuildCommonClasses (20ms)
	RebuildNativeTypeToScriptingClass (7ms)
	initialDomainReloadingComplete (17ms)
	LoadAllAssembliesAndSetupDomain (297ms)
		LoadAssemblies (201ms)
		RebuildTransferFunctionScriptingTraits (0ms)
		AnalyzeDomain (124ms)
			TypeCache.Refresh (100ms)
				TypeCache.ScanAssembly (89ms)
			BuildScriptInfoCaches (20ms)
			ResolveRequiredComponents (3ms)
	FinalizeReload (349ms)
		ReleaseScriptCaches (0ms)
		RebuildScriptCaches (0ms)
		SetupLoadedEditorAssemblies (295ms)
			LogAssemblyErrors (0ms)
			InitializePlatformSupportModulesInManaged (1ms)
			SetLoadedEditorAssemblies (2ms)
			BeforeProcessingInitializeOnLoad (56ms)
			ProcessInitializeOnLoadAttributes (155ms)
			ProcessInitializeOnLoadMethodAttributes (80ms)
			AfterProcessingInitializeOnLoad (1ms)
			EditorAssembliesLoaded (0ms)
		ExecutionOrderSort2 (0ms)
		AwakeInstancesAfterBackupRestoration (1ms)
Launching external process: /Applications/Unity/Hub/Editor/6000.2.6f2/Unity.app/Contents/Tools/UnityShaderCompiler
Launched and connected shader compiler UnityShaderCompiler after 0.02 seconds
Refreshing native plugins compatible for Editor in 0.90 ms, found 2 plugins.
Preloading 0 native plugins for Editor in 0.00 ms.
Unloading 0 Unused Serialized files (Serialized files now loaded: 0)
Unloading 5106 unused Assets / (1.0 MB). Loaded Objects now: 5582.
Memory consumption went from 88.7 MB to 87.8 MB.
Total: 6.496500 ms (FindLiveObjects: 0.392250 ms CreateObjectMapping: 0.108375 ms MarkObjects: 5.554250 ms  DeleteObjects: 0.441041 ms)

========================================================================
Received Import Request.
  Time since last request: 171633.433838 seconds.
  path: Assets/Scripts/HotbarController.cs
  artifactKey: Guid(f441af9990711489c9b005c18113ad43) Importer(2089858483,192608db42251d675da83286b1cce702)
Start importing Assets/Scripts/HotbarController.cs using Guid(f441af9990711489c9b005c18113ad43) Importer(2089858483,192608db42251d675da83286b1cce702) (ScriptedImporter) -> (artifact id: '65d0f260e57ec30178bd5e36949ae4f0') in 0.036191292 seconds
Number of updated asset objects reloaded before import = 0Number of asset objects unloaded after import = 0

========================================================================
Received Import Request.
  Time since last request: 2.480777 seconds.
  path: Assets/New Actions.inputactions
  artifactKey: Guid(b51447cdbe645488b9eb720a91f83fb0) Importer(815301076,1909f56bfc062723c751e8b465ee728b)
Start importing Assets/New Actions.inputactions using Guid(b51447cdbe645488b9eb720a91f83fb0) Importer(815301076,1909f56bfc062723c751e8b465ee728b) (PreviewImporter) -> (artifact id: '34691379d1e2148e2a3d9775a4770b21') in 0.012203209 seconds
Number of updated asset objects reloaded before import = 0Number of asset objects unloaded after import = 1

========================================================================
Received Import Request.
  Time since last request: 1.064741 seconds.
  path: Assets/New Actions.inputactions
  artifactKey: Guid(b51447cdbe645488b9eb720a91f83fb0) Importer(2089858483,192608db42251d675da83286b1cce702)
Start importing Assets/New Actions.inputactions using Guid(b51447cdbe645488b9eb720a91f83fb0) Importer(2089858483,192608db42251d675da83286b1cce702) (ScriptedImporter) -> (artifact id: 'c80095969b3757cd773b518704bfe12b') in 0.008301958 seconds
Number of updated asset objects reloaded before import = 0Number of asset objects unloaded after import = 1

========================================================================
Received Import Request.
  Time since last request: 16.759301 seconds.
  path: Assets/PlayerControls.inputactions
  artifactKey: Guid(b51447cdbe645488b9eb720a91f83fb0) Importer(815301076,1909f56bfc062723c751e8b465ee728b)
Start importing Assets/PlayerControls.inputactions using Guid(b51447cdbe645488b9eb720a91f83fb0) Importer(815301076,1909f56bfc062723c751e8b465ee728b) (PreviewImporter) -> (artifact id: '8242a7580cbf62c3f7a08d6f03bea3d3') in 0.000635709 seconds
Number of updated asset objects reloaded before import = 0Number of asset objects unloaded after import = 1

========================================================================
Received Import Request.
  Time since last request: 0.972084 seconds.
  path: Assets/PlayerControls.inputactions
  artifactKey: Guid(b51447cdbe645488b9eb720a91f83fb0) Importer(2089858483,192608db42251d675da83286b1cce702)
Start importing Assets/PlayerControls.inputactions using Guid(b51447cdbe645488b9eb720a91f83fb0) Importer(2089858483,192608db42251d675da83286b1cce702) (ScriptedImporter) -> (artifact id: 'fa1263490228271c19e730452216ac9d') in 0.002804125 seconds
Number of updated asset objects reloaded before import = 0Number of asset objects unloaded after import = 1

========================================================================
Received Prepare
Begin MonoManager ReloadAssembly
[Licensing::Client] Successfully resolved entitlement details
Thread 0x17fc87000 may have been prematurely finalized
Symbol file LoadedFromMemory is not a mono symbol file
- Loaded All Assemblies, in  0.446 seconds
Refreshing native plugins compatible for Editor in 0.93 ms, found 2 plugins.
Native extension for WindowsStandalone target not found
Native extension for OSXStandalone target not found
Refreshing native plugins compatible for Editor in 0.89 ms, found 2 plugins.
[Package Manager] Failed to launch server process. Reason: Unity was launched with the -noUpm command-line argument
[Package Manager] Unable to send message (not connected to server process).
[Package Manager] Cannot connect to Unity Package Manager local server
Mono: successfully reloaded assembly
- Finished resetting the current domain, in  0.358 seconds
Domain Reload Profiling: 806ms
	BeginReloadAssembly (141ms)
		ExecutionOrderSort (0ms)
		DisableScriptedObjects (9ms)
		BackupInstance (0ms)
		ReleaseScriptingObjects (0ms)
		CreateAndSetChildDomain (56ms)
	RebuildCommonClasses (20ms)
	RebuildNativeTypeToScriptingClass (7ms)
	initialDomainReloadingComplete (14ms)
	LoadAllAssembliesAndSetupDomain (266ms)
		LoadAssemblies (183ms)
		RebuildTransferFunctionScriptingTraits (0ms)
		AnalyzeDomain (110ms)
			TypeCache.Refresh (8ms)
				TypeCache.ScanAssembly (1ms)
			BuildScriptInfoCaches (96ms)
			ResolveRequiredComponents (3ms)
	FinalizeReload (358ms)
		ReleaseScriptCaches (0ms)
		RebuildScriptCaches (0ms)
		SetupLoadedEditorAssemblies (296ms)
			LogAssemblyErrors (0ms)
			InitializePlatformSupportModulesInManaged (1ms)
			SetLoadedEditorAssemblies (2ms)
			BeforeProcessingInitializeOnLoad (57ms)
			ProcessInitializeOnLoadAttributes (155ms)
			ProcessInitializeOnLoadMethodAttributes (80ms)
			AfterProcessingInitializeOnLoad (0ms)
			EditorAssembliesLoaded (0ms)
		ExecutionOrderSort2 (0ms)
		AwakeInstancesAfterBackupRestoration (2ms)
Refreshing native plugins compatible for Editor in 0.99 ms, found 2 plugins.
Preloading 0 native plugins for Editor in 0.00 ms.
Unloading 0 Unused Serialized files (Serialized files now loaded: 0)
Unloading 5104 unused Assets / (419.3 KB). Loaded Objects now: 5585.
Memory consumption went from 100.6 MB to 100.2 MB.
Total: 6.572000 ms (FindLiveObjects: 0.221208 ms CreateObjectMapping: 0.087500 ms MarkObjects: 5.755209 ms  DeleteObjects: 0.508000 ms)

Prepare: number of updated asset objects reloaded= 0
========================================================================
Received Prepare
Begin MonoManager ReloadAssembly
[Licensing::Client] Successfully resolved entitlement details
Thread 0x16ba67000 may have been prematurely finalized
Symbol file LoadedFromMemory is not a mono symbol file
- Loaded All Assemblies, in  0.424 seconds
Refreshing native plugins compatible for Editor in 0.92 ms, found 2 plugins.
Native extension for WindowsStandalone target not found
Native extension for OSXStandalone target not found
Refreshing native plugins compatible for Editor in 0.97 ms, found 2 plugins.
[Package Manager] Failed to launch server process. Reason: Unity was launched with the -noUpm command-line argument
[Package Manager] Unable to send message (not connected to server process).
[Package Manager] Cannot connect to Unity Package Manager local server
Mono: successfully reloaded assembly
- Finished resetting the current domain, in  0.365 seconds
Domain Reload Profiling: 790ms
	BeginReloadAssembly (127ms)
		ExecutionOrderSort (0ms)
		DisableScriptedObjects (6ms)
		BackupInstance (0ms)
		ReleaseScriptingObjects (0ms)
		CreateAndSetChildDomain (54ms)
	RebuildCommonClasses (20ms)
	RebuildNativeTypeToScriptingClass (7ms)
	initialDomainReloadingComplete (14ms)
	LoadAllAssembliesAndSetupDomain (258ms)
		LoadAssemblies (182ms)
		RebuildTransferFunctionScriptingTraits (0ms)
		AnalyzeDomain (103ms)
			TypeCache.Refresh (13ms)
				TypeCache.ScanAssembly (1ms)
			BuildScriptInfoCaches (85ms)
			ResolveRequiredComponents (3ms)
	FinalizeReload (365ms)
		ReleaseScriptCaches (0ms)
		RebuildScriptCaches (0ms)
		SetupLoadedEditorAssemblies (302ms)
			LogAssemblyErrors (0ms)
			InitializePlatformSupportModulesInManaged (1ms)
			SetLoadedEditorAssemblies (2ms)
			BeforeProcessingInitializeOnLoad (59ms)
			ProcessInitializeOnLoadAttributes (160ms)
			ProcessInitializeOnLoadMethodAttributes (80ms)
			AfterProcessingInitializeOnLoad (1ms)
			EditorAssembliesLoaded (0ms)
		ExecutionOrderSort2 (0ms)
		AwakeInstancesAfterBackupRestoration (2ms)
Refreshing native plugins compatible for Editor in 0.99 ms, found 2 plugins.
Preloading 0 native plugins for Editor in 0.00 ms.
Unloading 0 Unused Serialized files (Serialized files now loaded: 0)
Unloading 5104 unused Assets / (1.0 MB). Loaded Objects now: 5585.
Memory consumption went from 97.3 MB to 96.3 MB.
Total: 6.576125 ms (FindLiveObjects: 0.222042 ms CreateObjectMapping: 0.086750 ms MarkObjects: 5.753958 ms  DeleteObjects: 0.512959 ms)

Prepare: number of updated asset objects reloaded= 0
========================================================================
Received Import Request.
  Time since last request: 27823.376080 seconds.
  path: Assets/TextMesh Pro/Examples & Extras/Prefabs/Text Popup.prefab
  artifactKey: Guid(b06f0e6c1dfa4356ac918da1bb32c603) Importer(815301076,1909f56bfc062723c751e8b465ee728b)
Start importing Assets/TextMesh Pro/Examples & Extras/Prefabs/Text Popup.prefab using Guid(b06f0e6c1dfa4356ac918da1bb32c603) Importer(815301076,1909f56bfc062723c751e8b465ee728b) (PreviewImporter) -> (artifact id: 'c0211bec866163ca9273bcb8724745e5') in 0.061139541 seconds
Number of updated asset objects reloaded before import = 0Number of asset objects unloaded after import = 21

========================================================================
Received Import Request.
  Time since last request: 0.000126 seconds.
  path: Assets/TextMesh Pro/Examples & Extras/Prefabs/TextMeshPro - Prefab 2.prefab
  artifactKey: Guid(fdad9d952ae84cafb74c63f2e694d042) Importer(815301076,1909f56bfc062723c751e8b465ee728b)
Start importing Assets/TextMesh Pro/Examples & Extras/Prefabs/TextMeshPro - Prefab 2.prefab using Guid(fdad9d952ae84cafb74c63f2e694d042) Importer(815301076,1909f56bfc062723c751e8b465ee728b) (PreviewImporter) -> (artifact id: '9a56acac3c92157c53e7a0ab377c8a1c') in 0.012197041 seconds
Number of updated asset objects reloaded before import = 0Number of asset objects unloaded after import = 16

========================================================================
Received Import Request.
  Time since last request: 61.826415 seconds.
  path: Assets/Prefabs/UI/Slot_Hotbar Variant.prefab
  artifactKey: Guid(978ec9e5754b445399f0a2300073bb48) Importer(815301076,1909f56bfc062723c751e8b465ee728b)
Start importing Assets/Prefabs/UI/Slot_Hotbar Variant.prefab using Guid(978ec9e5754b445399f0a2300073bb48) Importer(815301076,1909f56bfc062723c751e8b465ee728b) (PreviewImporter) -> (artifact id: 'dd03d05eef98c737f1fcc64397995d08') in 0.003217583 seconds
Number of updated asset objects reloaded before import = 0Number of asset objects unloaded after import = 18

========================================================================
Received Import Request.
  Time since last request: 12.424271 seconds.
  path: Assets/Prefabs/UI/Slot_Hotbar.prefab
  artifactKey: Guid(978ec9e5754b445399f0a2300073bb48) Importer(815301076,1909f56bfc062723c751e8b465ee728b)
Start importing Assets/Prefabs/UI/Slot_Hotbar.prefab using Guid(978ec9e5754b445399f0a2300073bb48) Importer(815301076,1909f56bfc062723c751e8b465ee728b) (PreviewImporter) -> (artifact id: 'e9a7e25bea8f61501fe3bc567dc71928') in 0.001119459 seconds
Number of updated asset objects reloaded before import = 0Number of asset objects unloaded after import = 18

========================================================================
Received Prepare
Refreshing native plugins compatible for Editor in 4.67 ms, found 2 plugins.
Preloading 0 native plugins for Editor in 0.00 ms.
Unloading 0 Unused Serialized files (Serialized files now loaded: 0)
Unloading 5071 unused Assets / (0.8 MB). Loaded Objects now: 5586.
Memory consumption went from 88.0 MB to 87.3 MB.
Total: 15.439750 ms (FindLiveObjects: 0.291500 ms CreateObjectMapping: 0.092333 ms MarkObjects: 14.503750 ms  DeleteObjects: 0.551166 ms)

Prepare: number of updated asset objects reloaded= 0
========================================================================
Received Prepare
Begin MonoManager ReloadAssembly
[Licensing::Client] Successfully resolved entitlement details
Thread 0x16ba67000 may have been prematurely finalized
Symbol file LoadedFromMemory is not a mono symbol file
- Loaded All Assemblies, in  0.430 seconds
Refreshing native plugins compatible for Editor in 0.88 ms, found 2 plugins.
Native extension for WindowsStandalone target not found
Native extension for OSXStandalone target not found
Refreshing native plugins compatible for Editor in 0.91 ms, found 2 plugins.
[Package Manager] Failed to launch server process. Reason: Unity was launched with the -noUpm command-line argument
[Package Manager] Unable to send message (not connected to server process).
[Package Manager] Cannot connect to Unity Package Manager local server
Mono: successfully reloaded assembly
- Finished resetting the current domain, in  0.360 seconds
Domain Reload Profiling: 792ms
	BeginReloadAssembly (112ms)
		ExecutionOrderSort (0ms)
		DisableScriptedObjects (4ms)
		BackupInstance (0ms)
		ReleaseScriptingObjects (0ms)
		CreateAndSetChildDomain (47ms)
	RebuildCommonClasses (21ms)
	RebuildNativeTypeToScriptingClass (7ms)
	initialDomainReloadingComplete (20ms)
	LoadAllAssembliesAndSetupDomain (273ms)
		LoadAssemblies (200ms)
		RebuildTransferFunctionScriptingTraits (0ms)
		AnalyzeDomain (100ms)
			TypeCache.Refresh (11ms)
				TypeCache.ScanAssembly (1ms)
			BuildScriptInfoCaches (84ms)
			ResolveRequiredComponents (3ms)
	FinalizeReload (360ms)
		ReleaseScriptCaches (0ms)
		RebuildScriptCaches (0ms)
		SetupLoadedEditorAssemblies (300ms)
			LogAssemblyErrors (0ms)
			InitializePlatformSupportModulesInManaged (1ms)
			SetLoadedEditorAssemblies (2ms)
			BeforeProcessingInitializeOnLoad (59ms)
			ProcessInitializeOnLoadAttributes (158ms)
			ProcessInitializeOnLoadMethodAttributes (80ms)
			AfterProcessingInitializeOnLoad (1ms)
			EditorAssembliesLoaded (0ms)
		ExecutionOrderSort2 (0ms)
		AwakeInstancesAfterBackupRestoration (2ms)
Refreshing native plugins compatible for Editor in 1.01 ms, found 2 plugins.
Preloading 0 native plugins for Editor in 0.00 ms.
Unloading 0 Unused Serialized files (Serialized files now loaded: 0)
Unloading 5105 unused Assets / (0.7 MB). Loaded Objects now: 5586.
Memory consumption went from 97.3 MB to 96.5 MB.
Total: 6.911292 ms (FindLiveObjects: 0.206209 ms CreateObjectMapping: 0.098542 ms MarkObjects: 6.015708 ms  DeleteObjects: 0.590292 ms)

Prepare: number of updated asset objects reloaded= 0
========================================================================
Received Prepare
Refreshing native plugins compatible for Editor in 2.12 ms, found 2 plugins.
Preloading 0 native plugins for Editor in 0.00 ms.
Unloading 0 Unused Serialized files (Serialized files now loaded: 0)
Unloading 5069 unused Assets / (409.3 KB). Loaded Objects now: 5586.
Memory consumption went from 87.7 MB to 87.3 MB.
Total: 55.147708 ms (FindLiveObjects: 0.572708 ms CreateObjectMapping: 0.117125 ms MarkObjects: 53.910667 ms  DeleteObjects: 0.546500 ms)

Prepare: number of updated asset objects reloaded= 0
========================================================================
Received Import Request.
  Time since last request: 633.396047 seconds.
  path: Assets/Scripts/InventoryController.cs
  artifactKey: Guid(73324cd7f62fd439d8079b846ec5e545) Importer(2089858483,192608db42251d675da83286b1cce702)
Start importing Assets/Scripts/InventoryController.cs using Guid(73324cd7f62fd439d8079b846ec5e545) Importer(2089858483,192608db42251d675da83286b1cce702) (ScriptedImporter) -> (artifact id: 'e02ae568aefffca8ceb4a35fdad291fe') in 0.046233625 seconds
Number of updated asset objects reloaded before import = 0Number of asset objects unloaded after import = 0

========================================================================
Received Import Request.
  Time since last request: 0.000029 seconds.
  path: Assets/Scripts/QuestUI.cs
  artifactKey: Guid(66df6ce77f02f49f0bffebcc83d0a75c) Importer(2089858483,192608db42251d675da83286b1cce702)
Start importing Assets/Scripts/QuestUI.cs using Guid(66df6ce77f02f49f0bffebcc83d0a75c) Importer(2089858483,192608db42251d675da83286b1cce702) (ScriptedImporter) -> (artifact id: '883a65294d9215a41642860fe61ce581') in 0.001303916 seconds
Number of updated asset objects reloaded before import = 0Number of asset objects unloaded after import = 0

========================================================================
Received Import Request.
  Time since last request: 0.000047 seconds.
  path: Assets/Prefabs/UI/Slot_Hotbar.prefab
  artifactKey: Guid(978ec9e5754b445399f0a2300073bb48) Importer(2089858483,192608db42251d675da83286b1cce702)
Start importing Assets/Prefabs/UI/Slot_Hotbar.prefab using Guid(978ec9e5754b445399f0a2300073bb48) Importer(2089858483,192608db42251d675da83286b1cce702) (ScriptedImporter) -> (artifact id: 'a22028a4db39cb10ccdcb5b3d8a966de') in 0.035555625 seconds
Number of updated asset objects reloaded before import = 0Number of asset objects unloaded after import = 17

========================================================================
Received Prepare
Refreshing native plugins compatible for Editor in 1.29 ms, found 2 plugins.
Preloading 0 native plugins for Editor in 0.00 ms.
Unloading 0 Unused Serialized files (Serialized files now loaded: 0)
Unloading 5071 unused Assets / (0.5 MB). Loaded Objects now: 5587.
Memory consumption went from 88.2 MB to 87.7 MB.
Total: 6.699917 ms (FindLiveObjects: 0.219250 ms CreateObjectMapping: 0.093042 ms MarkObjects: 5.882042 ms  DeleteObjects: 0.505458 ms)

Prepare: number of updated asset objects reloaded= 0
========================================================================
Received Import Request.
  Time since last request: 3.092748 seconds.
  path: Assets/Scripts/QuestController.cs
  artifactKey: Guid(9ed612bff40c641c88275ce5aecec471) Importer(815301076,1909f56bfc062723c751e8b465ee728b)
Start importing Assets/Scripts/QuestController.cs using Guid(9ed612bff40c641c88275ce5aecec471) Importer(815301076,1909f56bfc062723c751e8b465ee728b) (PreviewImporter) -> (artifact id: '0a54d093fa9136eabe2d7e0f99fe71d1') in 0.000311917 seconds
Number of updated asset objects reloaded before import = 0Number of asset objects unloaded after import = 0

========================================================================
Received Import Request.
  Time since last request: 0.710952 seconds.
  path: Assets/Scripts/QuestController.cs
  artifactKey: Guid(9ed612bff40c641c88275ce5aecec471) Importer(2089858483,192608db42251d675da83286b1cce702)
Start importing Assets/Scripts/QuestController.cs using Guid(9ed612bff40c641c88275ce5aecec471) Importer(2089858483,192608db42251d675da83286b1cce702) (ScriptedImporter) -> (artifact id: '400a8633e73046e5b7bf2e3bd970a860') in 0.001511584 seconds
Number of updated asset objects reloaded before import = 0Number of asset objects unloaded after import = 0

========================================================================
Received Import Request.
  Time since last request: 5.885291 seconds.
  path: Assets/Scenes/HomeLot.unity
  artifactKey: Guid(c72d6c643dfdb4b61b421a0272095217) Importer(2089858483,192608db42251d675da83286b1cce702)
Start importing Assets/Scenes/HomeLot.unity using Guid(c72d6c643dfdb4b61b421a0272095217) Importer(2089858483,192608db42251d675da83286b1cce702) (ScriptedImporter) -> (artifact id: '96630ce65ba2bb645ace2edf7895b682') in 0.004941625 seconds
Number of updated asset objects reloaded before import = 0Number of asset objects unloaded after import = 1

========================================================================
Received Prepare
Refreshing native plugins compatible for Editor in 2.18 ms, found 2 plugins.
Preloading 0 native plugins for Editor in 0.00 ms.
Unloading 0 Unused Serialized files (Serialized files now loaded: 0)
Unloading 5070 unused Assets / (0.6 MB). Loaded Objects now: 5587.
Memory consumption went from 87.9 MB to 87.3 MB.
Total: 28.212541 ms (FindLiveObjects: 0.452041 ms CreateObjectMapping: 0.114834 ms MarkObjects: 27.125000 ms  DeleteObjects: 0.520500 ms)

Prepare: number of updated asset objects reloaded= 0
========================================================================
Received Import Request.
  Time since last request: 122.761495 seconds.
  path: Assets/Scripts/QuestController.cs
  artifactKey: Guid(9ed612bff40c641c88275ce5aecec471) Importer(2089858483,192608db42251d675da83286b1cce702)
Start importing Assets/Scripts/QuestController.cs using Guid(9ed612bff40c641c88275ce5aecec471) Importer(2089858483,192608db42251d675da83286b1cce702) (ScriptedImporter) -> (artifact id: '7f054ee5d29a156e9a7b21c5c47ffd13') in 0.004436042 seconds
Number of updated asset objects reloaded before import = 0Number of asset objects unloaded after import = 0

========================================================================
Received Prepare
Refreshing native plugins compatible for Editor in 1.26 ms, found 2 plugins.
Preloading 0 native plugins for Editor in 0.00 ms.
Unloading 0 Unused Serialized files (Serialized files now loaded: 0)
Unloading 5071 unused Assets / (0.5 MB). Loaded Objects now: 5588.
Memory consumption went from 88.9 MB to 88.4 MB.
Total: 6.632208 ms (FindLiveObjects: 0.203334 ms CreateObjectMapping: 0.090750 ms MarkObjects: 5.826375 ms  DeleteObjects: 0.511458 ms)

Prepare: number of updated asset objects reloaded= 0
========================================================================
Received Import Request.
  Time since last request: 6.621280 seconds.
  path: Assets/Scripts/QuestProgress.cs
  artifactKey: Guid(0936834ddd34b4502ac908b88725494a) Importer(815301076,1909f56bfc062723c751e8b465ee728b)
Start importing Assets/Scripts/QuestProgress.cs using Guid(0936834ddd34b4502ac908b88725494a) Importer(815301076,1909f56bfc062723c751e8b465ee728b) (PreviewImporter) -> (artifact id: '7f7ec08ab7464e272ef3097f2281de0f') in 0.000310333 seconds
Number of updated asset objects reloaded before import = 0Number of asset objects unloaded after import = 0

========================================================================
Received Import Request.
  Time since last request: 0.746050 seconds.
  path: Assets/Scripts/QuestProgress.cs
  artifactKey: Guid(0936834ddd34b4502ac908b88725494a) Importer(2089858483,192608db42251d675da83286b1cce702)
Start importing Assets/Scripts/QuestProgress.cs using Guid(0936834ddd34b4502ac908b88725494a) Importer(2089858483,192608db42251d675da83286b1cce702) (ScriptedImporter) -> (artifact id: '512634797f017f9921500467d85ca1cd') in 0.002965875 seconds
Number of updated asset objects reloaded before import = 0Number of asset objects unloaded after import = 0

========================================================================
Received Prepare
Begin MonoManager ReloadAssembly
[Licensing::Client] Successfully resolved entitlement details
Thread 0x16bae7000 may have been prematurely finalized
Symbol file LoadedFromMemory is not a mono symbol file
- Loaded All Assemblies, in  0.393 seconds
Refreshing native plugins compatible for Editor in 1.01 ms, found 2 plugins.
Native extension for WindowsStandalone target not found
Native extension for OSXStandalone target not found
Refreshing native plugins compatible for Editor in 1.30 ms, found 2 plugins.
[Package Manager] Failed to launch server process. Reason: Unity was launched with the -noUpm command-line argument
[Package Manager] Unable to send message (not connected to server process).
[Package Manager] Cannot connect to Unity Package Manager local server
Mono: successfully reloaded assembly
- Finished resetting the current domain, in  0.400 seconds
Domain Reload Profiling: 795ms
	BeginReloadAssembly (115ms)
		ExecutionOrderSort (0ms)
		DisableScriptedObjects (4ms)
		BackupInstance (0ms)
		ReleaseScriptingObjects (0ms)
		CreateAndSetChildDomain (47ms)
	RebuildCommonClasses (20ms)
	RebuildNativeTypeToScriptingClass (7ms)
	initialDomainReloadingComplete (11ms)
	LoadAllAssembliesAndSetupDomain (242ms)
		LoadAssemblies (166ms)
		RebuildTransferFunctionScriptingTraits (0ms)
		AnalyzeDomain (104ms)
			TypeCache.Refresh (9ms)
				TypeCache.ScanAssembly (1ms)
			BuildScriptInfoCaches (87ms)
			ResolveRequiredComponents (3ms)
	FinalizeReload (401ms)
		ReleaseScriptCaches (0ms)
		RebuildScriptCaches (0ms)
		SetupLoadedEditorAssemblies (335ms)
			LogAssemblyErrors (0ms)
			InitializePlatformSupportModulesInManaged (1ms)
			SetLoadedEditorAssemblies (2ms)
			BeforeProcessingInitializeOnLoad (70ms)
			ProcessInitializeOnLoadAttributes (178ms)
			ProcessInitializeOnLoadMethodAttributes (83ms)
			AfterProcessingInitializeOnLoad (1ms)
			EditorAssembliesLoaded (0ms)
		ExecutionOrderSort2 (0ms)
		AwakeInstancesAfterBackupRestoration (2ms)
Refreshing native plugins compatible for Editor in 1.28 ms, found 2 plugins.
Preloading 0 native plugins for Editor in 0.00 ms.
Unloading 0 Unused Serialized files (Serialized files now loaded: 0)
Unloading 5107 unused Assets / (297.4 KB). Loaded Objects now: 5588.
Memory consumption went from 98.6 MB to 98.3 MB.
Total: 7.339708 ms (FindLiveObjects: 0.232000 ms CreateObjectMapping: 0.092167 ms MarkObjects: 6.521541 ms  DeleteObjects: 0.493792 ms)

Prepare: number of updated asset objects reloaded= 0
========================================================================
Received Prepare
Refreshing native plugins compatible for Editor in 1.33 ms, found 2 plugins.
Preloading 0 native plugins for Editor in 0.00 ms.
Unloading 0 Unused Serialized files (Serialized files now loaded: 0)
Unloading 5071 unused Assets / (0.7 MB). Loaded Objects now: 5588.
Memory consumption went from 88.8 MB to 88.1 MB.
Total: 20.152750 ms (FindLiveObjects: 0.303125 ms CreateObjectMapping: 0.094125 ms MarkObjects: 19.238000 ms  DeleteObjects: 0.517167 ms)

Prepare: number of updated asset objects reloaded= 0
========================================================================
Received Import Request.
  Time since last request: 135.897058 seconds.
  path: Assets/Scripts/QuestController.cs
  artifactKey: Guid(9ed612bff40c641c88275ce5aecec471) Importer(2089858483,192608db42251d675da83286b1cce702)
Start importing Assets/Scripts/QuestController.cs using Guid(9ed612bff40c641c88275ce5aecec471) Importer(2089858483,192608db42251d675da83286b1cce702) (ScriptedImporter) -> (artifact id: '5a462a976e7fe4e45e83dad4047ddb45') in 0.062526042 seconds
Number of updated asset objects reloaded before import = 0Number of asset objects unloaded after import = 0

========================================================================
Received Prepare
Refreshing native plugins compatible for Editor in 1.19 ms, found 2 plugins.
Preloading 0 native plugins for Editor in 0.00 ms.
Unloading 0 Unused Serialized files (Serialized files now loaded: 0)
Unloading 5072 unused Assets / (0.7 MB). Loaded Objects now: 5589.
Memory consumption went from 88.8 MB to 88.2 MB.
Total: 6.716875 ms (FindLiveObjects: 0.226750 ms CreateObjectMapping: 0.126291 ms MarkObjects: 5.794750 ms  DeleteObjects: 0.568750 ms)

Prepare: number of updated asset objects reloaded= 0
========================================================================
Received Import Request.
  Time since last request: 0.832996 seconds.
  path: Assets/Scripts/Quest.cs
  artifactKey: Guid(00ea2495e8f494e6da1f84648db1a665) Importer(815301076,1909f56bfc062723c751e8b465ee728b)
Start importing Assets/Scripts/Quest.cs using Guid(00ea2495e8f494e6da1f84648db1a665) Importer(815301076,1909f56bfc062723c751e8b465ee728b) (PreviewImporter) -> (artifact id: '92d32c00e94ba8c65e821addcf723023') in 0.000411625 seconds
Number of updated asset objects reloaded before import = 0Number of asset objects unloaded after import = 0

========================================================================
Received Import Request.
  Time since last request: 0.891132 seconds.
  path: Assets/Scripts/Quest.cs
  artifactKey: Guid(00ea2495e8f494e6da1f84648db1a665) Importer(2089858483,192608db42251d675da83286b1cce702)
Start importing Assets/Scripts/Quest.cs using Guid(00ea2495e8f494e6da1f84648db1a665) Importer(2089858483,192608db42251d675da83286b1cce702) (ScriptedImporter) -> (artifact id: '94f69e79165ebbc798d09bbc7b968b52') in 0.001551166 seconds
Number of updated asset objects reloaded before import = 0Number of asset objects unloaded after import = 0

========================================================================
Received Import Request.
  Time since last request: 4.184534 seconds.
  path: Assets/Scenes/HomeLot.unity
  artifactKey: Guid(c72d6c643dfdb4b61b421a0272095217) Importer(2089858483,192608db42251d675da83286b1cce702)
Start importing Assets/Scenes/HomeLot.unity using Guid(c72d6c643dfdb4b61b421a0272095217) Importer(2089858483,192608db42251d675da83286b1cce702) (ScriptedImporter) -> (artifact id: '434f168be0b0b4826a99ce88007543a6') in 0.031643625 seconds
Number of updated asset objects reloaded before import = 0Number of asset objects unloaded after import = 1

========================================================================
Received Prepare
Refreshing native plugins compatible for Editor in 5.79 ms, found 2 plugins.
Preloading 0 native plugins for Editor in 0.00 ms.
Unloading 0 Unused Serialized files (Serialized files now loaded: 0)
Unloading 5072 unused Assets / (444.3 KB). Loaded Objects now: 5589.
Memory consumption went from 88.8 MB to 88.4 MB.
Total: 26.278417 ms (FindLiveObjects: 1.308292 ms CreateObjectMapping: 0.125125 ms MarkObjects: 24.320542 ms  DeleteObjects: 0.524167 ms)

Prepare: number of updated asset objects reloaded= 0
========================================================================
Received Import Request.
  Time since last request: 43.812463 seconds.
  path: Assets/Scripts/Quest.cs
  artifactKey: Guid(00ea2495e8f494e6da1f84648db1a665) Importer(2089858483,192608db42251d675da83286b1cce702)
Start importing Assets/Scripts/Quest.cs using Guid(00ea2495e8f494e6da1f84648db1a665) Importer(2089858483,192608db42251d675da83286b1cce702) (ScriptedImporter) -> (artifact id: 'fad9611f9147dbee4b5a770fcdc9df49') in 0.003640375 seconds
Number of updated asset objects reloaded before import = 0Number of asset objects unloaded after import = 0

========================================================================
Received Import Request.
  Time since last request: 4.957682 seconds.
  path: Assets/Quests
  artifactKey: Guid(bcc477fb26dfd494283818e41093c8e9) Importer(815301076,1909f56bfc062723c751e8b465ee728b)
Start importing Assets/Quests using Guid(bcc477fb26dfd494283818e41093c8e9) Importer(815301076,1909f56bfc062723c751e8b465ee728b) (PreviewImporter) -> (artifact id: 'cde6a807c005c380b9f42c425a7df055') in 0.000314167 seconds
Number of updated asset objects reloaded before import = 0Number of asset objects unloaded after import = 0

========================================================================
Received Import Request.
  Time since last request: 0.965680 seconds.
  path: Assets/Quests
  artifactKey: Guid(bcc477fb26dfd494283818e41093c8e9) Importer(2089858483,192608db42251d675da83286b1cce702)
Start importing Assets/Quests using Guid(bcc477fb26dfd494283818e41093c8e9) Importer(2089858483,192608db42251d675da83286b1cce702) (ScriptedImporter) -> (artifact id: 'bd4b60ce4d2c6ef3e59cbe5ef0d021bf') in 0.001686375 seconds
Number of updated asset objects reloaded before import = 0Number of asset objects unloaded after import = 1

========================================================================
Received Prepare
Refreshing native plugins compatible for Editor in 2.00 ms, found 2 plugins.
Preloading 0 native plugins for Editor in 0.00 ms.
Unloading 0 Unused Serialized files (Serialized files now loaded: 0)
Unloading 5072 unused Assets / (0.6 MB). Loaded Objects now: 5589.
Memory consumption went from 88.8 MB to 88.3 MB.
Total: 7.433125 ms (FindLiveObjects: 0.236709 ms CreateObjectMapping: 0.123875 ms MarkObjects: 6.350000 ms  DeleteObjects: 0.722250 ms)

Prepare: number of updated asset objects reloaded= 0
========================================================================
Received Import Request.
  Time since last request: 92.815295 seconds.
  path: Assets/Scripts
  artifactKey: Guid(811648330144d49d39645f95bf40be12) Importer(815301076,1909f56bfc062723c751e8b465ee728b)
Start importing Assets/Scripts using Guid(811648330144d49d39645f95bf40be12) Importer(815301076,1909f56bfc062723c751e8b465ee728b) (PreviewImporter) -> (artifact id: '4c2defa85138dbb3db5dc25204403c20') in 0.000277084 seconds
Number of updated asset objects reloaded before import = 0Number of asset objects unloaded after import = 0

========================================================================
Received Import Request.
  Time since last request: 0.183677 seconds.
  path: Assets/Scripts/Quest.cs
  artifactKey: Guid(00ea2495e8f494e6da1f84648db1a665) Importer(2089858483,192608db42251d675da83286b1cce702)
Start importing Assets/Scripts/Quest.cs using Guid(00ea2495e8f494e6da1f84648db1a665) Importer(2089858483,192608db42251d675da83286b1cce702) (ScriptedImporter) -> (artifact id: '1515f10194e934bf68fb58a51fd4afa4') in 0.00182975 seconds
Number of updated asset objects reloaded before import = 0Number of asset objects unloaded after import = 0

========================================================================
Received Prepare
Refreshing native plugins compatible for Editor in 1.26 ms, found 2 plugins.
Preloading 0 native plugins for Editor in 0.00 ms.
Unloading 0 Unused Serialized files (Serialized files now loaded: 0)
Unloading 5071 unused Assets / (0.8 MB). Loaded Objects now: 5588.
Memory consumption went from 88.8 MB to 88.0 MB.
Total: 6.624584 ms (FindLiveObjects: 0.227917 ms CreateObjectMapping: 0.093958 ms MarkObjects: 5.775583 ms  DeleteObjects: 0.526667 ms)

Prepare: number of updated asset objects reloaded= 0
========================================================================
Received Prepare
Refreshing native plugins compatible for Editor in 1.34 ms, found 2 plugins.
Preloading 0 native plugins for Editor in 0.00 ms.
Unloading 0 Unused Serialized files (Serialized files now loaded: 0)
Unloading 5071 unused Assets / (0.6 MB). Loaded Objects now: 5588.
Memory consumption went from 88.8 MB to 88.3 MB.
Total: 22.565417 ms (FindLiveObjects: 0.270250 ms CreateObjectMapping: 0.087917 ms MarkObjects: 21.420500 ms  DeleteObjects: 0.786584 ms)

Prepare: number of updated asset objects reloaded= 0
========================================================================
Received Import Request.
  Time since last request: 182.525743 seconds.
  path: Assets/Scripts/QuestController.cs
  artifactKey: Guid(9ed612bff40c641c88275ce5aecec471) Importer(2089858483,192608db42251d675da83286b1cce702)
Start importing Assets/Scripts/QuestController.cs using Guid(9ed612bff40c641c88275ce5aecec471) Importer(2089858483,192608db42251d675da83286b1cce702) (ScriptedImporter) -> (artifact id: '853b2f4424d576e22faf124a251f076a') in 0.008341791 seconds
Number of updated asset objects reloaded before import = 0Number of asset objects unloaded after import = 0

========================================================================
Received Prepare
Begin MonoManager ReloadAssembly
[Licensing::Client] Successfully resolved entitlement details
Thread 0x16bae7000 may have been prematurely finalized
Symbol file LoadedFromMemory is not a mono symbol file
- Loaded All Assemblies, in  0.433 seconds
Refreshing native plugins compatible for Editor in 1.02 ms, found 2 plugins.
Native extension for WindowsStandalone target not found
Native extension for OSXStandalone target not found
Refreshing native plugins compatible for Editor in 1.03 ms, found 2 plugins.
[Package Manager] Failed to launch server process. Reason: Unity was launched with the -noUpm command-line argument
[Package Manager] Unable to send message (not connected to server process).
[Package Manager] Cannot connect to Unity Package Manager local server
Mono: successfully reloaded assembly
- Finished resetting the current domain, in  0.370 seconds
Domain Reload Profiling: 804ms
	BeginReloadAssembly (121ms)
		ExecutionOrderSort (0ms)
		DisableScriptedObjects (4ms)
		BackupInstance (0ms)
		ReleaseScriptingObjects (0ms)
		CreateAndSetChildDomain (51ms)
	RebuildCommonClasses (20ms)
	RebuildNativeTypeToScriptingClass (7ms)
	initialDomainReloadingComplete (14ms)
	LoadAllAssembliesAndSetupDomain (273ms)
		LoadAssemblies (187ms)
		RebuildTransferFunctionScriptingTraits (0ms)
		AnalyzeDomain (114ms)
			TypeCache.Refresh (17ms)
				TypeCache.ScanAssembly (2ms)
			BuildScriptInfoCaches (91ms)
			ResolveRequiredComponents (3ms)
	FinalizeReload (370ms)
		ReleaseScriptCaches (0ms)
		RebuildScriptCaches (0ms)
		SetupLoadedEditorAssemblies (304ms)
			LogAssemblyErrors (0ms)
			InitializePlatformSupportModulesInManaged (1ms)
			SetLoadedEditorAssemblies (2ms)
			BeforeProcessingInitializeOnLoad (58ms)
			ProcessInitializeOnLoadAttributes (159ms)
			ProcessInitializeOnLoadMethodAttributes (82ms)
			AfterProcessingInitializeOnLoad (1ms)
			EditorAssembliesLoaded (0ms)
		ExecutionOrderSort2 (0ms)
		AwakeInstancesAfterBackupRestoration (2ms)
Refreshing native plugins compatible for Editor in 1.08 ms, found 2 plugins.
Preloading 0 native plugins for Editor in 0.00 ms.
Unloading 0 Unused Serialized files (Serialized files now loaded: 0)
Unloading 5107 unused Assets / (0.6 MB). Loaded Objects now: 5588.
Memory consumption went from 97.4 MB to 96.8 MB.
Total: 6.558500 ms (FindLiveObjects: 0.207625 ms CreateObjectMapping: 0.090333 ms MarkObjects: 5.766792 ms  DeleteObjects: 0.493417 ms)

Prepare: number of updated asset objects reloaded= 0
========================================================================
Received Prepare
Refreshing native plugins compatible for Editor in 0.89 ms, found 2 plugins.
Preloading 0 native plugins for Editor in 0.00 ms.
Unloading 0 Unused Serialized files (Serialized files now loaded: 0)
Unloading 5072 unused Assets / (1.0 MB). Loaded Objects now: 5589.
Memory consumption went from 88.8 MB to 87.8 MB.
Total: 11.788917 ms (FindLiveObjects: 0.295375 ms CreateObjectMapping: 0.113417 ms MarkObjects: 10.882500 ms  DeleteObjects: 0.497542 ms)

Prepare: number of updated asset objects reloaded= 0
========================================================================
Received Prepare
Begin MonoManager ReloadAssembly
Thread 0x16b71f000 may have been prematurely finalized
Symbol file LoadedFromMemory is not a mono symbol file
- Loaded All Assemblies, in  0.367 seconds
Refreshing native plugins compatible for Editor in 0.84 ms, found 2 plugins.
Native extension for WindowsStandalone target not found
Native extension for OSXStandalone target not found
Refreshing native plugins compatible for Editor in 1.16 ms, found 2 plugins.
[Package Manager] Failed to launch server process. Reason: Unity was launched with the -noUpm command-line argument
[Package Manager] Unable to send message (not connected to server process).
[Package Manager] Cannot connect to Unity Package Manager local server
Mono: successfully reloaded assembly
- Finished resetting the current domain, in  0.415 seconds
Domain Reload Profiling: 784ms
	BeginReloadAssembly (97ms)
		ExecutionOrderSort (0ms)
		DisableScriptedObjects (3ms)
		BackupInstance (0ms)
		ReleaseScriptingObjects (0ms)
		CreateAndSetChildDomain (41ms)
	RebuildCommonClasses (20ms)
	RebuildNativeTypeToScriptingClass (7ms)
	initialDomainReloadingComplete (11ms)
	LoadAllAssembliesAndSetupDomain (234ms)
		LoadAssemblies (161ms)
		RebuildTransferFunctionScriptingTraits (0ms)
		AnalyzeDomain (95ms)
			TypeCache.Refresh (8ms)
				TypeCache.ScanAssembly (1ms)
			BuildScriptInfoCaches (83ms)
			ResolveRequiredComponents (3ms)
	FinalizeReload (415ms)
		ReleaseScriptCaches (0ms)
		RebuildScriptCaches (0ms)
		SetupLoadedEditorAssemblies (351ms)
			LogAssemblyErrors (0ms)
			InitializePlatformSupportModulesInManaged (1ms)
			SetLoadedEditorAssemblies (2ms)
			BeforeProcessingInitializeOnLoad (63ms)
			ProcessInitializeOnLoadAttributes (199ms)
			ProcessInitializeOnLoadMethodAttributes (85ms)
			AfterProcessingInitializeOnLoad (1ms)
			EditorAssembliesLoaded (0ms)
		ExecutionOrderSort2 (0ms)
		AwakeInstancesAfterBackupRestoration (2ms)
Refreshing native plugins compatible for Editor in 1.00 ms, found 2 plugins.
Preloading 0 native plugins for Editor in 0.00 ms.
Unloading 0 Unused Serialized files (Serialized files now loaded: 0)
Unloading 5108 unused Assets / (445.4 KB). Loaded Objects now: 5589.
Memory consumption went from 97.3 MB to 96.8 MB.
Total: 6.867750 ms (FindLiveObjects: 0.248042 ms CreateObjectMapping: 0.233250 ms MarkObjects: 5.870667 ms  DeleteObjects: 0.515500 ms)

Prepare: number of updated asset objects reloaded= 0
========================================================================
Received Prepare
Refreshing native plugins compatible for Editor in 1.92 ms, found 2 plugins.
Preloading 0 native plugins for Editor in 0.00 ms.
Unloading 0 Unused Serialized files (Serialized files now loaded: 0)
Unloading 5072 unused Assets / (0.9 MB). Loaded Objects now: 5589.
Memory consumption went from 88.8 MB to 87.9 MB.
Total: 25.731584 ms (FindLiveObjects: 0.444333 ms CreateObjectMapping: 0.116375 ms MarkObjects: 24.628417 ms  DeleteObjects: 0.541583 ms)

Prepare: number of updated asset objects reloaded= 0
========================================================================
Received Import Request.
  Time since last request: 301.748146 seconds.
  path: Assets/Scripts/Quest.cs
  artifactKey: Guid(00ea2495e8f494e6da1f84648db1a665) Importer(2089858483,192608db42251d675da83286b1cce702)
Start importing Assets/Scripts/Quest.cs using Guid(00ea2495e8f494e6da1f84648db1a665) Importer(2089858483,192608db42251d675da83286b1cce702) (ScriptedImporter) -> (artifact id: '49cb2aecf0a04aca165bff7d211b3a26') in 0.045727167 seconds
Number of updated asset objects reloaded before import = 0Number of asset objects unloaded after import = 0

========================================================================
Received Prepare
Refreshing native plugins compatible for Editor in 4.70 ms, found 2 plugins.
Preloading 0 native plugins for Editor in 0.00 ms.
Unloading 0 Unused Serialized files (Serialized files now loaded: 0)
Unloading 5073 unused Assets / (497.0 KB). Loaded Objects now: 5590.
Memory consumption went from 88.8 MB to 88.4 MB.
Total: 6.783417 ms (FindLiveObjects: 0.239250 ms CreateObjectMapping: 0.094417 ms MarkObjects: 5.885583 ms  DeleteObjects: 0.563834 ms)

Prepare: number of updated asset objects reloaded= 0
========================================================================
Received Import Request.
  Time since last request: 32.549647 seconds.
  path: Assets/Scripts/BounceEffect.cs
  artifactKey: Guid(eb66b6633675f49ccaa8321e10ef6d4c) Importer(815301076,1909f56bfc062723c751e8b465ee728b)
Start importing Assets/Scripts/BounceEffect.cs using Guid(eb66b6633675f49ccaa8321e10ef6d4c) Importer(815301076,1909f56bfc062723c751e8b465ee728b) (PreviewImporter) -> (artifact id: '31017b5f2f49cf60791f79f3f1ebf715') in 0.00037225 seconds
Number of updated asset objects reloaded before import = 0Number of asset objects unloaded after import = 0

========================================================================
Received Import Request.
  Time since last request: 0.890930 seconds.
  path: Assets/Scripts/BounceEffect.cs
  artifactKey: Guid(eb66b6633675f49ccaa8321e10ef6d4c) Importer(2089858483,192608db42251d675da83286b1cce702)
Start importing Assets/Scripts/BounceEffect.cs using Guid(eb66b6633675f49ccaa8321e10ef6d4c) Importer(2089858483,192608db42251d675da83286b1cce702) (ScriptedImporter) -> (artifact id: '8ea3052442d9e3b408ca81fe158e5e87') in 0.00169675 seconds
Number of updated asset objects reloaded before import = 0Number of asset objects unloaded after import = 0

========================================================================
Received Prepare
Begin MonoManager ReloadAssembly
[Licensing::Client] Successfully resolved entitlement details
Thread 0x16b71f000 may have been prematurely finalized
Symbol file LoadedFromMemory is not a mono symbol file
- Loaded All Assemblies, in  0.453 seconds
Refreshing native plugins compatible for Editor in 0.86 ms, found 2 plugins.
Native extension for WindowsStandalone target not found
Native extension for OSXStandalone target not found
Refreshing native plugins compatible for Editor in 0.93 ms, found 2 plugins.
[Package Manager] Failed to launch server process. Reason: Unity was launched with the -noUpm command-line argument
[Package Manager] Unable to send message (not connected to server process).
[Package Manager] Cannot connect to Unity Package Manager local server
Mono: successfully reloaded assembly
- Finished resetting the current domain, in  0.376 seconds
Domain Reload Profiling: 831ms
	BeginReloadAssembly (139ms)
		ExecutionOrderSort (0ms)
		DisableScriptedObjects (5ms)
		BackupInstance (0ms)
		ReleaseScriptingObjects (0ms)
		CreateAndSetChildDomain (58ms)
	RebuildCommonClasses (20ms)
	RebuildNativeTypeToScriptingClass (7ms)
	initialDomainReloadingComplete (15ms)
	LoadAllAssembliesAndSetupDomain (274ms)
		LoadAssemblies (196ms)
		RebuildTransferFunctionScriptingTraits (0ms)
		AnalyzeDomain (106ms)
			TypeCache.Refresh (9ms)
				TypeCache.ScanAssembly (1ms)
			BuildScriptInfoCaches (92ms)
			ResolveRequiredComponents (3ms)
	FinalizeReload (376ms)
		ReleaseScriptCaches (0ms)
		RebuildScriptCaches (0ms)
		SetupLoadedEditorAssemblies (313ms)
			LogAssemblyErrors (0ms)
			InitializePlatformSupportModulesInManaged (1ms)
			SetLoadedEditorAssemblies (2ms)
			BeforeProcessingInitializeOnLoad (59ms)
			ProcessInitializeOnLoadAttributes (164ms)
			ProcessInitializeOnLoadMethodAttributes (86ms)
			AfterProcessingInitializeOnLoad (0ms)
			EditorAssembliesLoaded (0ms)
		ExecutionOrderSort2 (0ms)
		AwakeInstancesAfterBackupRestoration (2ms)
Refreshing native plugins compatible for Editor in 1.03 ms, found 2 plugins.
Preloading 0 native plugins for Editor in 0.00 ms.
Unloading 0 Unused Serialized files (Serialized files now loaded: 0)
Unloading 5109 unused Assets / (0.9 MB). Loaded Objects now: 5590.
Memory consumption went from 97.8 MB to 96.8 MB.
Total: 6.698541 ms (FindLiveObjects: 0.213750 ms CreateObjectMapping: 0.090959 ms MarkObjects: 5.891208 ms  DeleteObjects: 0.502416 ms)

Prepare: number of updated asset objects reloaded= 0
========================================================================
Received Import Request.
  Time since last request: 351.653078 seconds.
  path: Assets/Scenes/HomeLot.unity
  artifactKey: Guid(c72d6c643dfdb4b61b421a0272095217) Importer(815301076,1909f56bfc062723c751e8b465ee728b)
Start importing Assets/Scenes/HomeLot.unity using Guid(c72d6c643dfdb4b61b421a0272095217) Importer(815301076,1909f56bfc062723c751e8b465ee728b) (PreviewImporter) -> (artifact id: '17bc2fdd01cddf00fb42dc72f87a4c3a') in 0.004638958 seconds
Number of updated asset objects reloaded before import = 0Number of asset objects unloaded after import = 0

========================================================================
Received Import Request.
  Time since last request: 489.509708 seconds.
  path: Assets/Scripts/BounceEffect.cs
  artifactKey: Guid(eb66b6633675f49ccaa8321e10ef6d4c) Importer(2089858483,192608db42251d675da83286b1cce702)
Start importing Assets/Scripts/BounceEffect.cs using Guid(eb66b6633675f49ccaa8321e10ef6d4c) Importer(2089858483,192608db42251d675da83286b1cce702) (ScriptedImporter) -> (artifact id: 'f6682c41b397c53edff6c52f975846e3') in 0.061631958 seconds
Number of updated asset objects reloaded before import = 0Number of asset objects unloaded after import = 0

========================================================================
Received Import Request.
  Time since last request: 0.579361 seconds.
  path: Assets/Prefabs/UI/Menu
  artifactKey: Guid(1799bf7fd86724221a099184e574b2d0) Importer(815301076,1909f56bfc062723c751e8b465ee728b)
Start importing Assets/Prefabs/UI/Menu using Guid(1799bf7fd86724221a099184e574b2d0) Importer(815301076,1909f56bfc062723c751e8b465ee728b) (PreviewImporter) -> (artifact id: 'a724fd21fb0b6bc4560805ed220578e6') in 0.00122325 seconds
Number of updated asset objects reloaded before import = 0Number of asset objects unloaded after import = 0

========================================================================
Received Import Request.
  Time since last request: 0.964303 seconds.
  path: Assets/Prefabs/UI/Menu
  artifactKey: Guid(1799bf7fd86724221a099184e574b2d0) Importer(2089858483,192608db42251d675da83286b1cce702)
Start importing Assets/Prefabs/UI/Menu using Guid(1799bf7fd86724221a099184e574b2d0) Importer(2089858483,192608db42251d675da83286b1cce702) (ScriptedImporter) -> (artifact id: '57523304af0290b9a826be1794d5156b') in 0.002556209 seconds
Number of updated asset objects reloaded before import = 0Number of asset objects unloaded after import = 1

========================================================================
Received Import Request.
  Time since last request: 4.237327 seconds.
  path: Assets/Prefabs/UI/Menu/QuestEntry.prefab
  artifactKey: Guid(8e2f7b4884dd949f2b8b589e8796eabd) Importer(815301076,1909f56bfc062723c751e8b465ee728b)
Start importing Assets/Prefabs/UI/Menu/QuestEntry.prefab using Guid(8e2f7b4884dd949f2b8b589e8796eabd) Importer(815301076,1909f56bfc062723c751e8b465ee728b) (PreviewImporter) -> (artifact id: 'a96b1ef050b1c01e2aef97bd3fc434ce') in 0.023585334 seconds
Number of updated asset objects reloaded before import = 0Number of asset objects unloaded after import = 22

========================================================================
Received Import Request.
  Time since last request: 0.963945 seconds.
  path: Assets/Prefabs/UI/Menu/QuestEntry.prefab
  artifactKey: Guid(8e2f7b4884dd949f2b8b589e8796eabd) Importer(2089858483,192608db42251d675da83286b1cce702)
Start importing Assets/Prefabs/UI/Menu/QuestEntry.prefab using Guid(8e2f7b4884dd949f2b8b589e8796eabd) Importer(2089858483,192608db42251d675da83286b1cce702) (ScriptedImporter) -> (artifact id: 'f75a02ca36709e0bc4dc910aaf43ad96') in 0.03448975 seconds
Number of updated asset objects reloaded before import = 0Number of asset objects unloaded after import = 22

========================================================================
Received Import Request.
  Time since last request: 5.904524 seconds.
  path: Assets/Scenes/HomeLot.unity
  artifactKey: Guid(c72d6c643dfdb4b61b421a0272095217) Importer(2089858483,192608db42251d675da83286b1cce702)
Start importing Assets/Scenes/HomeLot.unity using Guid(c72d6c643dfdb4b61b421a0272095217) Importer(2089858483,192608db42251d675da83286b1cce702) (ScriptedImporter) -> (artifact id: '52512bd2655c758b5712d6deb64459b4') in 0.005894667 seconds
Number of updated asset objects reloaded before import = 0Number of asset objects unloaded after import = 1

========================================================================
Received Import Request.
  Time since last request: 12.772357 seconds.
  path: Assets/Prefabs/UI/Menu/QuestEntry.prefab
  artifactKey: Guid(8e2f7b4884dd949f2b8b589e8796eabd) Importer(815301076,1909f56bfc062723c751e8b465ee728b)
Start importing Assets/Prefabs/UI/Menu/QuestEntry.prefab using Guid(8e2f7b4884dd949f2b8b589e8796eabd) Importer(815301076,1909f56bfc062723c751e8b465ee728b) (PreviewImporter) -> (artifact id: '42e98a324e4ef7bcfde9037a225f2514') in 0.003187917 seconds
Number of updated asset objects reloaded before import = 0Number of asset objects unloaded after import = 22

========================================================================
Received Import Request.
  Time since last request: 0.979294 seconds.
  path: Assets/Prefabs/UI/Menu/QuestEntry.prefab
  artifactKey: Guid(8e2f7b4884dd949f2b8b589e8796eabd) Importer(2089858483,192608db42251d675da83286b1cce702)
Start importing Assets/Prefabs/UI/Menu/QuestEntry.prefab using Guid(8e2f7b4884dd949f2b8b589e8796eabd) Importer(2089858483,192608db42251d675da83286b1cce702) (ScriptedImporter) -> (artifact id: '5d8046ad2f33184f9eedb65dd134abbd') in 0.007779833 seconds
Number of updated asset objects reloaded before import = 0Number of asset objects unloaded after import = 22

========================================================================
Received Import Request.
  Time since last request: 174.577336 seconds.
  path: Assets/Scenes/HomeLot.unity
  artifactKey: Guid(c72d6c643dfdb4b61b421a0272095217) Importer(2089858483,192608db42251d675da83286b1cce702)
Start importing Assets/Scenes/HomeLot.unity using Guid(c72d6c643dfdb4b61b421a0272095217) Importer(2089858483,192608db42251d675da83286b1cce702) (ScriptedImporter) -> (artifact id: '5f2b9f33f602079edc22a6a0c5ec29cd') in 0.009169708 seconds
Number of updated asset objects reloaded before import = 0Number of asset objects unloaded after import = 1

========================================================================
Received Import Request.
  Time since last request: 5.087347 seconds.
  path: Assets/Prefabs/UI/Menu/ObjectiveText.prefab
  artifactKey: Guid(77643aed821d14883a23937ecdb81c09) Importer(815301076,1909f56bfc062723c751e8b465ee728b)
Start importing Assets/Prefabs/UI/Menu/ObjectiveText.prefab using Guid(77643aed821d14883a23937ecdb81c09) Importer(815301076,1909f56bfc062723c751e8b465ee728b) (PreviewImporter) -> (artifact id: 'aeca1de674bdc70204eeef5793bb9b0d') in 0.005616292 seconds
Number of updated asset objects reloaded before import = 0Number of asset objects unloaded after import = 9

========================================================================
Received Import Request.
  Time since last request: 0.969714 seconds.
  path: Assets/Prefabs/UI/Menu/ObjectiveText.prefab
  artifactKey: Guid(77643aed821d14883a23937ecdb81c09) Importer(2089858483,192608db42251d675da83286b1cce702)
Start importing Assets/Prefabs/UI/Menu/ObjectiveText.prefab using Guid(77643aed821d14883a23937ecdb81c09) Importer(2089858483,192608db42251d675da83286b1cce702) (ScriptedImporter) -> (artifact id: '2b1c10eccd46909f51d86930e2f1372e') in 0.032368458 seconds
Number of updated asset objects reloaded before import = 0Number of asset objects unloaded after import = 9

========================================================================
Received Import Request.
  Time since last request: 68.869037 seconds.
  path: Assets/Prefabs/UI/ObjectiveText.prefab
  artifactKey: Guid(2374a0859f9434696a46fe02f82ca11e) Importer(815301076,1909f56bfc062723c751e8b465ee728b)
Start importing Assets/Prefabs/UI/ObjectiveText.prefab using Guid(2374a0859f9434696a46fe02f82ca11e) Importer(815301076,1909f56bfc062723c751e8b465ee728b) (PreviewImporter) -> (artifact id: 'ba94b03f07a5b021be2fe440c5c734bc') in 0.003499625 seconds
Number of updated asset objects reloaded before import = 0Number of asset objects unloaded after import = 9

========================================================================
Received Import Request.
  Time since last request: 0.974607 seconds.
  path: Assets/Prefabs/UI/ObjectiveText.prefab
  artifactKey: Guid(2374a0859f9434696a46fe02f82ca11e) Importer(2089858483,192608db42251d675da83286b1cce702)
Start importing Assets/Prefabs/UI/ObjectiveText.prefab using Guid(2374a0859f9434696a46fe02f82ca11e) Importer(2089858483,192608db42251d675da83286b1cce702) (ScriptedImporter) -> (artifact id: '0150a9984475791bb41f45655c79f8ce') in 0.010613916 seconds
Number of updated asset objects reloaded before import = 0Number of asset objects unloaded after import = 9

========================================================================
Received Import Request.
  Time since last request: 16.844433 seconds.
  path: Assets/Scenes/HomeLot.unity
  artifactKey: Guid(c72d6c643dfdb4b61b421a0272095217) Importer(2089858483,192608db42251d675da83286b1cce702)
Start importing Assets/Scenes/HomeLot.unity using Guid(c72d6c643dfdb4b61b421a0272095217) Importer(2089858483,192608db42251d675da83286b1cce702) (ScriptedImporter) -> (artifact id: '65cd4a1beda2fa1aa7107b10729426a1') in 0.00509875 seconds
Number of updated asset objects reloaded before import = 0Number of asset objects unloaded after import = 1

========================================================================
Received Import Request.
  Time since last request: 15.094373 seconds.
  path: Assets/Prefabs/UI/QuestEntry.prefab
  artifactKey: Guid(87f80176c09544f5b9f7c567b6e55705) Importer(815301076,1909f56bfc062723c751e8b465ee728b)
Start importing Assets/Prefabs/UI/QuestEntry.prefab using Guid(87f80176c09544f5b9f7c567b6e55705) Importer(815301076,1909f56bfc062723c751e8b465ee728b) (PreviewImporter) -> (artifact id: '3e298cf75151533405b160d6ef215dba') in 0.004031459 seconds
Number of updated asset objects reloaded before import = 0Number of asset objects unloaded after import = 22

========================================================================
Received Import Request.
  Time since last request: 0.967863 seconds.
  path: Assets/Prefabs/UI/QuestEntry.prefab
  artifactKey: Guid(87f80176c09544f5b9f7c567b6e55705) Importer(2089858483,192608db42251d675da83286b1cce702)
Start importing Assets/Prefabs/UI/QuestEntry.prefab using Guid(87f80176c09544f5b9f7c567b6e55705) Importer(2089858483,192608db42251d675da83286b1cce702) (ScriptedImporter) -> (artifact id: '995076c91ada74d0ec50c07176423b9f') in 0.008215 seconds
Number of updated asset objects reloaded before import = 0Number of asset objects unloaded after import = 22

========================================================================
Received Import Request.
  Time since last request: 2.638634 seconds.
  path: Assets/Prefabs/UI/QuestEntry.prefab
  artifactKey: Guid(87f80176c09544f5b9f7c567b6e55705) Importer(815301076,1909f56bfc062723c751e8b465ee728b)
Start importing Assets/Prefabs/UI/QuestEntry.prefab using Guid(87f80176c09544f5b9f7c567b6e55705) Importer(815301076,1909f56bfc062723c751e8b465ee728b) (PreviewImporter) -> (artifact id: '402ad4cb39d8032312441723f7e7dd72') in 0.003155042 seconds
Number of updated asset objects reloaded before import = 0Number of asset objects unloaded after import = 22

========================================================================
Received Import Request.
  Time since last request: 0.977184 seconds.
  path: Assets/Prefabs/UI/QuestEntry.prefab
  artifactKey: Guid(87f80176c09544f5b9f7c567b6e55705) Importer(2089858483,192608db42251d675da83286b1cce702)
Start importing Assets/Prefabs/UI/QuestEntry.prefab using Guid(87f80176c09544f5b9f7c567b6e55705) Importer(2089858483,192608db42251d675da83286b1cce702) (ScriptedImporter) -> (artifact id: 'a73b748bddf33a2278fa31f62c28ab99') in 0.006570167 seconds
Number of updated asset objects reloaded before import = 0Number of asset objects unloaded after import = 22

========================================================================
Received Import Request.
  Time since last request: 1.845316 seconds.
  path: Assets/Prefabs/UI/QuestEntry.prefab
  artifactKey: Guid(87f80176c09544f5b9f7c567b6e55705) Importer(815301076,1909f56bfc062723c751e8b465ee728b)
Start importing Assets/Prefabs/UI/QuestEntry.prefab using Guid(87f80176c09544f5b9f7c567b6e55705) Importer(815301076,1909f56bfc062723c751e8b465ee728b) (PreviewImporter) -> (artifact id: 'e79f5865915c37a6e4b28dcd9f49c85a') in 0.003122041 seconds
Number of updated asset objects reloaded before import = 0Number of asset objects unloaded after import = 22

========================================================================
Received Import Request.
  Time since last request: 0.978213 seconds.
  path: Assets/Prefabs/UI/QuestEntry.prefab
  artifactKey: Guid(87f80176c09544f5b9f7c567b6e55705) Importer(2089858483,192608db42251d675da83286b1cce702)
Start importing Assets/Prefabs/UI/QuestEntry.prefab using Guid(87f80176c09544f5b9f7c567b6e55705) Importer(2089858483,192608db42251d675da83286b1cce702) (ScriptedImporter) -> (artifact id: 'c14c9cbf9d134133642970b97ae7a31d') in 0.00765375 seconds
Number of updated asset objects reloaded before import = 0Number of asset objects unloaded after import = 22

========================================================================
Received Import Request.
  Time since last request: 16.308023 seconds.
  path: Assets/Prefabs/UI/QuestEntry.prefab
  artifactKey: Guid(87f80176c09544f5b9f7c567b6e55705) Importer(815301076,1909f56bfc062723c751e8b465ee728b)
Start importing Assets/Prefabs/UI/QuestEntry.prefab using Guid(87f80176c09544f5b9f7c567b6e55705) Importer(815301076,1909f56bfc062723c751e8b465ee728b) (PreviewImporter) -> (artifact id: 'b8d99ca23da3e122f74ef0b2d852df5a') in 0.003705167 seconds
Number of updated asset objects reloaded before import = 0Number of asset objects unloaded after import = 22

========================================================================
Received Import Request.
  Time since last request: 0.976392 seconds.
  path: Assets/Prefabs/UI/QuestEntry.prefab
  artifactKey: Guid(87f80176c09544f5b9f7c567b6e55705) Importer(2089858483,192608db42251d675da83286b1cce702)
Start importing Assets/Prefabs/UI/QuestEntry.prefab using Guid(87f80176c09544f5b9f7c567b6e55705) Importer(2089858483,192608db42251d675da83286b1cce702) (ScriptedImporter) -> (artifact id: 'a22091216945ff94ab8a2a511b6f7c17') in 0.006442042 seconds
Number of updated asset objects reloaded before import = 0Number of asset objects unloaded after import = 22

